<?xml version="1.0" encoding="UTF-8" ?>
<testsuite failures="0" time="4.129" errors="0" skipped="0" tests="1" name="com.nexse.swat.curator.integration.TwitterTest">
  <properties>
    <property name="java.runtime.name" value="Java(TM) SE Runtime Environment"/>
    <property name="sun.boot.library.path" value="/System/Library/Java/JavaVirtualMachines/1.6.0.jdk/Contents/Libraries"/>
    <property name="java.vm.version" value="20.6-b01-415"/>
    <property name="awt.nativeDoubleBuffering" value="true"/>
    <property name="gopherProxySet" value="false"/>
    <property name="mrj.build" value="11M3646"/>
    <property name="java.vm.vendor" value="Apple Inc."/>
    <property name="java.vendor.url" value="http://www.apple.com/"/>
    <property name="path.separator" value=":"/>
    <property name="java.vm.name" value="Java HotSpot(TM) 64-Bit Server VM"/>
    <property name="file.encoding.pkg" value="sun.io"/>
    <property name="user.country" value="IT"/>
    <property name="sun.java.launcher" value="SUN_STANDARD"/>
    <property name="sun.os.patch.level" value="unknown"/>
    <property name="org.apache.camel.jmx.disabled" value="true"/>
    <property name="java.vm.specification.name" value="Java Virtual Machine Specification"/>
    <property name="user.dir" value="/Users/germano/work/SWAT/curator/integration"/>
    <property name="java.runtime.version" value="1.6.0_31-b04-415-11M3646"/>
    <property name="java.awt.graphicsenv" value="apple.awt.CGraphicsEnvironment"/>
    <property name="basedir" value="/Users/germano/work/SWAT/curator/integration"/>
    <property name="java.endorsed.dirs" value="/System/Library/Java/JavaVirtualMachines/1.6.0.jdk/Contents/Home/lib/endorsed"/>
    <property name="os.arch" value="x86_64"/>
    <property name="surefire.real.class.path" value="/Users/germano/work/SWAT/curator/integration/target/surefire/surefirebooter9096770845882584494.jar"/>
    <property name="java.io.tmpdir" value="/var/folders/ym/8wgrkht56zbdxvggzb6ncnlm0000gp/T/"/>
    <property name="line.separator" value="
"/>
    <property name="java.vm.specification.vendor" value="Sun Microsystems Inc."/>
    <property name="os.name" value="Mac OS X"/>
    <property name="sun.jnu.encoding" value="MacRoman"/>
    <property name="java.library.path" value=".:/Library/Java/Extensions:/System/Library/Java/Extensions:/usr/lib/java"/>
    <property name="surefire.test.class.path" value="/Users/germano/work/SWAT/curator/integration/target/test-classes:/Users/germano/work/SWAT/curator/integration/target/classes:/Users/germano/.m2/repository/org/twitter4j/twitter4j-core/2.2.5/twitter4j-core-2.2.5.jar:/Users/germano/work/SWAT/curator/persistence/target/curator-persistence-0.1.jar:/Users/germano/.m2/repository/org/hibernate/javax/persistence/hibernate-jpa-2.0-api/1.0.1.Final/hibernate-jpa-2.0-api-1.0.1.Final.jar:/Users/germano/.m2/repository/org/hibernate/hibernate-validator/4.2.0.Final/hibernate-validator-4.2.0.Final.jar:/Users/germano/.m2/repository/javax/validation/validation-api/1.0.0.GA/validation-api-1.0.0.GA.jar:/Users/germano/.m2/repository/commons-pool/commons-pool/1.5.6/commons-pool-1.5.6.jar:/Users/germano/.m2/repository/commons-dbcp/commons-dbcp/1.3/commons-dbcp-1.3.jar:/Users/germano/.m2/repository/com/h2database/h2/1.3.164/h2-1.3.164.jar:/Users/germano/.m2/repository/org/hibernate/hibernate-core/3.6.9.Final/hibernate-core-3.6.9.Final.jar:/Users/germano/.m2/repository/antlr/antlr/2.7.6/antlr-2.7.6.jar:/Users/germano/.m2/repository/commons-collections/commons-collections/3.1/commons-collections-3.1.jar:/Users/germano/.m2/repository/dom4j/dom4j/1.6.1/dom4j-1.6.1.jar:/Users/germano/.m2/repository/org/hibernate/hibernate-commons-annotations/3.2.0.Final/hibernate-commons-annotations-3.2.0.Final.jar:/Users/germano/.m2/repository/javax/transaction/jta/1.1/jta-1.1.jar:/Users/germano/.m2/repository/org/hibernate/hibernate-entitymanager/3.6.9.Final/hibernate-entitymanager-3.6.9.Final.jar:/Users/germano/.m2/repository/javassist/javassist/3.12.0.GA/javassist-3.12.0.GA.jar:/Users/germano/.m2/repository/org/codehaus/jackson/jackson-core-asl/1.9.3/jackson-core-asl-1.9.3.jar:/Users/germano/.m2/repository/org/apache/camel/camel-core/2.9.2/camel-core-2.9.2.jar:/Users/germano/.m2/repository/org/apache/camel/camel-spring/2.9.2/camel-spring-2.9.2.jar:/Users/germano/.m2/repository/org/springframework/spring-tx/3.0.7.RELEASE/spring-tx-3.0.7.RELEASE.jar:/Users/germano/.m2/repository/org/jsoup/jsoup/1.6.2/jsoup-1.6.2.jar:/Users/germano/.m2/repository/org/springframework/social/spring-social-core/1.0.0.RELEASE/spring-social-core-1.0.0.RELEASE.jar:/Users/germano/.m2/repository/org/springframework/social/spring-social-twitter/1.0.2.RELEASE/spring-social-twitter-1.0.2.RELEASE.jar:/Users/germano/.m2/repository/org/springframework/security/spring-security-crypto/3.1.0.RELEASE/spring-security-crypto-3.1.0.RELEASE.jar:/Users/germano/.m2/repository/org/codehaus/jackson/jackson-mapper-asl/1.9.3/jackson-mapper-asl-1.9.3.jar:/Users/germano/.m2/repository/org/apache/camel/camel-test/2.9.2/camel-test-2.9.2.jar:/Users/germano/.m2/repository/org/springframework/spring-core/3.0.7.RELEASE/spring-core-3.0.7.RELEASE.jar:/Users/germano/.m2/repository/org/springframework/spring-asm/3.0.7.RELEASE/spring-asm-3.0.7.RELEASE.jar:/Users/germano/.m2/repository/org/springframework/spring-context/3.0.7.RELEASE/spring-context-3.0.7.RELEASE.jar:/Users/germano/.m2/repository/org/springframework/spring-beans/3.0.7.RELEASE/spring-beans-3.0.7.RELEASE.jar:/Users/germano/.m2/repository/org/springframework/spring-expression/3.0.7.RELEASE/spring-expression-3.0.7.RELEASE.jar:/Users/germano/.m2/repository/org/springframework/spring-web/3.0.7.RELEASE/spring-web-3.0.7.RELEASE.jar:/Users/germano/.m2/repository/aopalliance/aopalliance/1.0/aopalliance-1.0.jar:/Users/germano/.m2/repository/org/springframework/spring-orm/3.0.7.RELEASE/spring-orm-3.0.7.RELEASE.jar:/Users/germano/.m2/repository/org/springframework/spring-jdbc/3.0.7.RELEASE/spring-jdbc-3.0.7.RELEASE.jar:/Users/germano/.m2/repository/org/springframework/spring-aop/3.0.7.RELEASE/spring-aop-3.0.7.RELEASE.jar:/Users/germano/.m2/repository/org/springframework/spring-aspects/3.0.7.RELEASE/spring-aspects-3.0.7.RELEASE.jar:/Users/germano/.m2/repository/org/springframework/spring-context-support/3.0.7.RELEASE/spring-context-support-3.0.7.RELEASE.jar:/Users/germano/.m2/repository/junit/junit/4.9/junit-4.9.jar:/Users/germano/.m2/repository/org/hamcrest/hamcrest-core/1.1/hamcrest-core-1.1.jar:/Users/germano/.m2/repository/org/springframework/spring-test/3.0.7.RELEASE/spring-test-3.0.7.RELEASE.jar:/Users/germano/.m2/repository/cglib/cglib-nodep/2.2.2/cglib-nodep-2.2.2.jar:/Users/germano/.m2/repository/org/aspectj/aspectjrt/1.6.12/aspectjrt-1.6.12.jar:/Users/germano/.m2/repository/org/aspectj/aspectjweaver/1.6.12/aspectjweaver-1.6.12.jar:/Users/germano/.m2/repository/org/slf4j/slf4j-api/1.6.4/slf4j-api-1.6.4.jar:/Users/germano/.m2/repository/org/slf4j/jcl-over-slf4j/1.6.4/jcl-over-slf4j-1.6.4.jar:/Users/germano/.m2/repository/ch/qos/logback/logback-classic/1.0.3/logback-classic-1.0.3.jar:/Users/germano/.m2/repository/ch/qos/logback/logback-core/1.0.3/logback-core-1.0.3.jar:"/>
    <property name="java.specification.name" value="Java Platform API Specification"/>
    <property name="java.class.version" value="50.0"/>
    <property name="sun.management.compiler" value="HotSpot 64-Bit Tiered Compilers"/>
    <property name="os.version" value="10.7.4"/>
    <property name="http.nonProxyHosts" value="local|*.local|169.254/16|*.169.254/16"/>
    <property name="user.home" value="/Users/germano"/>
    <property name="user.timezone" value="Europe/Rome"/>
    <property name="java.awt.printerjob" value="apple.awt.CPrinterJob"/>
    <property name="java.specification.version" value="1.6"/>
    <property name="file.encoding" value="MacRoman"/>
    <property name="user.name" value="germano"/>
    <property name="java.class.path" value="/Users/germano/work/SWAT/curator/integration/target/test-classes:/Users/germano/work/SWAT/curator/integration/target/classes:/Users/germano/.m2/repository/org/twitter4j/twitter4j-core/2.2.5/twitter4j-core-2.2.5.jar:/Users/germano/work/SWAT/curator/persistence/target/curator-persistence-0.1.jar:/Users/germano/.m2/repository/org/hibernate/javax/persistence/hibernate-jpa-2.0-api/1.0.1.Final/hibernate-jpa-2.0-api-1.0.1.Final.jar:/Users/germano/.m2/repository/org/hibernate/hibernate-validator/4.2.0.Final/hibernate-validator-4.2.0.Final.jar:/Users/germano/.m2/repository/javax/validation/validation-api/1.0.0.GA/validation-api-1.0.0.GA.jar:/Users/germano/.m2/repository/commons-pool/commons-pool/1.5.6/commons-pool-1.5.6.jar:/Users/germano/.m2/repository/commons-dbcp/commons-dbcp/1.3/commons-dbcp-1.3.jar:/Users/germano/.m2/repository/com/h2database/h2/1.3.164/h2-1.3.164.jar:/Users/germano/.m2/repository/org/hibernate/hibernate-core/3.6.9.Final/hibernate-core-3.6.9.Final.jar:/Users/germano/.m2/repository/antlr/antlr/2.7.6/antlr-2.7.6.jar:/Users/germano/.m2/repository/commons-collections/commons-collections/3.1/commons-collections-3.1.jar:/Users/germano/.m2/repository/dom4j/dom4j/1.6.1/dom4j-1.6.1.jar:/Users/germano/.m2/repository/org/hibernate/hibernate-commons-annotations/3.2.0.Final/hibernate-commons-annotations-3.2.0.Final.jar:/Users/germano/.m2/repository/javax/transaction/jta/1.1/jta-1.1.jar:/Users/germano/.m2/repository/org/hibernate/hibernate-entitymanager/3.6.9.Final/hibernate-entitymanager-3.6.9.Final.jar:/Users/germano/.m2/repository/javassist/javassist/3.12.0.GA/javassist-3.12.0.GA.jar:/Users/germano/.m2/repository/org/codehaus/jackson/jackson-core-asl/1.9.3/jackson-core-asl-1.9.3.jar:/Users/germano/.m2/repository/org/apache/camel/camel-core/2.9.2/camel-core-2.9.2.jar:/Users/germano/.m2/repository/org/apache/camel/camel-spring/2.9.2/camel-spring-2.9.2.jar:/Users/germano/.m2/repository/org/springframework/spring-tx/3.0.7.RELEASE/spring-tx-3.0.7.RELEASE.jar:/Users/germano/.m2/repository/org/jsoup/jsoup/1.6.2/jsoup-1.6.2.jar:/Users/germano/.m2/repository/org/springframework/social/spring-social-core/1.0.0.RELEASE/spring-social-core-1.0.0.RELEASE.jar:/Users/germano/.m2/repository/org/springframework/social/spring-social-twitter/1.0.2.RELEASE/spring-social-twitter-1.0.2.RELEASE.jar:/Users/germano/.m2/repository/org/springframework/security/spring-security-crypto/3.1.0.RELEASE/spring-security-crypto-3.1.0.RELEASE.jar:/Users/germano/.m2/repository/org/codehaus/jackson/jackson-mapper-asl/1.9.3/jackson-mapper-asl-1.9.3.jar:/Users/germano/.m2/repository/org/apache/camel/camel-test/2.9.2/camel-test-2.9.2.jar:/Users/germano/.m2/repository/org/springframework/spring-core/3.0.7.RELEASE/spring-core-3.0.7.RELEASE.jar:/Users/germano/.m2/repository/org/springframework/spring-asm/3.0.7.RELEASE/spring-asm-3.0.7.RELEASE.jar:/Users/germano/.m2/repository/org/springframework/spring-context/3.0.7.RELEASE/spring-context-3.0.7.RELEASE.jar:/Users/germano/.m2/repository/org/springframework/spring-beans/3.0.7.RELEASE/spring-beans-3.0.7.RELEASE.jar:/Users/germano/.m2/repository/org/springframework/spring-expression/3.0.7.RELEASE/spring-expression-3.0.7.RELEASE.jar:/Users/germano/.m2/repository/org/springframework/spring-web/3.0.7.RELEASE/spring-web-3.0.7.RELEASE.jar:/Users/germano/.m2/repository/aopalliance/aopalliance/1.0/aopalliance-1.0.jar:/Users/germano/.m2/repository/org/springframework/spring-orm/3.0.7.RELEASE/spring-orm-3.0.7.RELEASE.jar:/Users/germano/.m2/repository/org/springframework/spring-jdbc/3.0.7.RELEASE/spring-jdbc-3.0.7.RELEASE.jar:/Users/germano/.m2/repository/org/springframework/spring-aop/3.0.7.RELEASE/spring-aop-3.0.7.RELEASE.jar:/Users/germano/.m2/repository/org/springframework/spring-aspects/3.0.7.RELEASE/spring-aspects-3.0.7.RELEASE.jar:/Users/germano/.m2/repository/org/springframework/spring-context-support/3.0.7.RELEASE/spring-context-support-3.0.7.RELEASE.jar:/Users/germano/.m2/repository/junit/junit/4.9/junit-4.9.jar:/Users/germano/.m2/repository/org/hamcrest/hamcrest-core/1.1/hamcrest-core-1.1.jar:/Users/germano/.m2/repository/org/springframework/spring-test/3.0.7.RELEASE/spring-test-3.0.7.RELEASE.jar:/Users/germano/.m2/repository/cglib/cglib-nodep/2.2.2/cglib-nodep-2.2.2.jar:/Users/germano/.m2/repository/org/aspectj/aspectjrt/1.6.12/aspectjrt-1.6.12.jar:/Users/germano/.m2/repository/org/aspectj/aspectjweaver/1.6.12/aspectjweaver-1.6.12.jar:/Users/germano/.m2/repository/org/slf4j/slf4j-api/1.6.4/slf4j-api-1.6.4.jar:/Users/germano/.m2/repository/org/slf4j/jcl-over-slf4j/1.6.4/jcl-over-slf4j-1.6.4.jar:/Users/germano/.m2/repository/ch/qos/logback/logback-classic/1.0.3/logback-classic-1.0.3.jar:/Users/germano/.m2/repository/ch/qos/logback/logback-core/1.0.3/logback-core-1.0.3.jar:"/>
    <property name="java.vm.specification.version" value="1.0"/>
    <property name="sun.arch.data.model" value="64"/>
    <property name="java.home" value="/System/Library/Java/JavaVirtualMachines/1.6.0.jdk/Contents/Home"/>
    <property name="sun.java.command" value="/Users/germano/work/SWAT/curator/integration/target/surefire/surefirebooter9096770845882584494.jar /Users/germano/work/SWAT/curator/integration/target/surefire/surefire1809600824860438728tmp /Users/germano/work/SWAT/curator/integration/target/surefire/surefire7834029348510838327tmp"/>
    <property name="java.specification.vendor" value="Sun Microsystems Inc."/>
    <property name="user.language" value="it"/>
    <property name="awt.toolkit" value="apple.awt.CToolkit"/>
    <property name="java.vm.info" value="mixed mode"/>
    <property name="java.version" value="1.6.0_31"/>
    <property name="java.ext.dirs" value="/Library/Java/Extensions:/System/Library/Java/Extensions:/System/Library/Java/JavaVirtualMachines/1.6.0.jdk/Contents/Home/lib/ext"/>
    <property name="sun.boot.class.path" value="/System/Library/Java/JavaVirtualMachines/1.6.0.jdk/Contents/Classes/jsfd.jar:/System/Library/Java/JavaVirtualMachines/1.6.0.jdk/Contents/Classes/classes.jar:/System/Library/Frameworks/JavaVM.framework/Frameworks/JavaRuntimeSupport.framework/Resources/Java/JavaRuntimeSupport.jar:/System/Library/Java/JavaVirtualMachines/1.6.0.jdk/Contents/Classes/ui.jar:/System/Library/Java/JavaVirtualMachines/1.6.0.jdk/Contents/Classes/laf.jar:/System/Library/Java/JavaVirtualMachines/1.6.0.jdk/Contents/Classes/sunrsasign.jar:/System/Library/Java/JavaVirtualMachines/1.6.0.jdk/Contents/Classes/jsse.jar:/System/Library/Java/JavaVirtualMachines/1.6.0.jdk/Contents/Classes/jce.jar:/System/Library/Java/JavaVirtualMachines/1.6.0.jdk/Contents/Classes/charsets.jar"/>
    <property name="java.vendor" value="Apple Inc."/>
    <property name="localRepository" value="/Users/germano/.m2/repository"/>
    <property name="file.separator" value="/"/>
    <property name="java.vendor.url.bug" value="http://bugreport.apple.com/"/>
    <property name="sun.cpu.endian" value="little"/>
    <property name="sun.io.unicode.encoding" value="UnicodeLittle"/>
    <property name="mrj.version" value="1070.1.6.0_31-415"/>
    <property name="socksNonProxyHosts" value="local|*.local|169.254/16|*.169.254/16"/>
    <property name="ftp.nonProxyHosts" value="local|*.local|169.254/16|*.169.254/16"/>
    <property name="sun.cpu.isalist" value=""/>
  </properties>
  <testcase time="4.128" classname="com.nexse.swat.curator.integration.TwitterTest" name="testSWATAuthTwitterTimeline"/>
</testsuite>